{"level":"info","ts":1762506761.0079033,"msg":"maxprocs: Leaving GOMAXPROCS=16: CPU quota undefined"}
{"level":"info","ts":1762506761.0080054,"msg":"GOMEMLIMIT is updated","package":"github.com/KimMachineGun/automemlimit/memlimit","GOMEMLIMIT":14820404428,"previous":9223372036854775807}
{"level":"info","ts":1762506761.008025,"msg":"using config from file","file":"/mnt/storage/Documents/Projects/WebDevelopment/StockPulse/Caddyfile"}
{"level":"warn","ts":1762506761.008182,"logger":"caddyfile","msg":"Unnecessary header_up X-Forwarded-For: the reverse proxy's default behavior is to pass headers to the upstream"}
{"level":"warn","ts":1762506761.0081856,"logger":"caddyfile","msg":"Unnecessary header_up X-Forwarded-Proto: the reverse proxy's default behavior is to pass headers to the upstream"}
{"level":"info","ts":1762506761.0086873,"msg":"adapted config to JSON","adapter":"caddyfile"}
{"level":"warn","ts":1762506761.0086918,"msg":"Caddyfile input is not formatted; run 'caddy fmt --overwrite' to fix inconsistencies","adapter":"caddyfile","file":"/mnt/storage/Documents/Projects/WebDevelopment/StockPulse/Caddyfile","line":2}
{"level":"info","ts":1762506761.0096993,"logger":"admin","msg":"admin endpoint started","address":"localhost:2019","enforce_origin":false,"origins":["//localhost:2019","//[::1]:2019","//127.0.0.1:2019"]}
{"level":"info","ts":1762506761.0100975,"logger":"tls.cache.maintenance","msg":"started background certificate maintenance","cache":"0xc000066680"}
{"level":"warn","ts":1762506761.0102708,"logger":"http","msg":"HTTP/2 skipped because it requires TLS","network":"tcp","addr":":8080"}
{"level":"warn","ts":1762506761.0102825,"logger":"http","msg":"HTTP/3 skipped because it requires TLS","network":"tcp","addr":":8080"}
{"level":"info","ts":1762506761.010286,"logger":"http.log","msg":"server running","name":"srv0","protocols":["h1","h2","h3"]}
{"level":"info","ts":1762506761.01038,"msg":"autosaved config (load with --resume flag)","file":"/root/.local/share/caddy/autosave.json"}
{"level":"info","ts":1762506761.010385,"msg":"serving initial configuration"}
{"level":"info","ts":1762506761.056152,"logger":"tls","msg":"storage cleaning happened too recently; skipping for now","storage":"FileStorage:/root/.local/share/caddy","instance":"f20f0ae4-abc1-4c16-aada-76999a976a22","try_again":1762593161.0561442,"try_again_in":86399.99999836}
{"level":"info","ts":1762506761.0564954,"logger":"tls","msg":"finished cleaning storage units"}
{"level":"info","ts":1762506846.811305,"msg":"shutting down","signal":"SIGINT"}
{"level":"warn","ts":1762506846.8114886,"msg":"exiting; byeee!! 👋","signal":"SIGINT"}
{"level":"info","ts":1762506846.8115296,"msg":"shutting down apps, then terminating","signal":"SIGTERM"}
{"level":"info","ts":1762506846.8116622,"logger":"http","msg":"servers shutting down with eternal grace period"}
{"level":"info","ts":1762506846.811816,"msg":"shutting down apps, then terminating","signal":"SIGTERM"}
{"level":"info","ts":1762506846.8118775,"logger":"admin","msg":"stopped previous server","address":"localhost:2019"}
{"level":"info","ts":1762506846.8118901,"msg":"shutdown complete","signal":"SIGINT","exit_code":0}
