Using launch settings from /mnt/storage/Documents/Projects/WebDevelopment/StockPulse/StockPulse.Api/Properties/launchSettings.json...
Building...
info: Microsoft.Hosting.Lifetime[14]
      Now listening on: http://localhost:5166
info: Microsoft.Hosting.Lifetime[0]
      Application started. Press Ctrl+C to shut down.
info: Microsoft.Hosting.Lifetime[0]
      Hosting environment: Development
info: Microsoft.Hosting.Lifetime[0]
      Content root path: /mnt/storage/Documents/Projects/WebDevelopment/StockPulse/StockPulse.Api
info: System.Net.Http.HttpClient.NlpService.LogicalHandler[100]
      Start processing HTTP request GET http://127.0.0.1:8000/analyze?*
info: System.Net.Http.HttpClient.NlpService.ClientHandler[100]
      Sending HTTP request GET http://127.0.0.1:8000/analyze?*
info: System.Net.Http.HttpClient.NlpService.ClientHandler[101]
      Received HTTP response headers after 770.9492ms - 404
info: System.Net.Http.HttpClient.NlpService.LogicalHandler[101]
      End processing HTTP request after 787.0113ms - 404
info: System.Net.Http.HttpClient.NlpService.LogicalHandler[100]
      Start processing HTTP request GET http://127.0.0.1:8000/analyze?*
info: System.Net.Http.HttpClient.NlpService.ClientHandler[100]
      Sending HTTP request GET http://127.0.0.1:8000/analyze?*
info: System.Net.Http.HttpClient.NlpService.ClientHandler[101]
      Received HTTP response headers after 748.8822ms - 404
info: System.Net.Http.HttpClient.NlpService.LogicalHandler[101]
      End processing HTTP request after 749.2467ms - 404
info: System.Net.Http.HttpClient.NlpService.LogicalHandler[100]
      Start processing HTTP request GET http://127.0.0.1:8000/analyze?*
info: System.Net.Http.HttpClient.NlpService.ClientHandler[100]
      Sending HTTP request GET http://127.0.0.1:8000/analyze?*
info: System.Net.Http.HttpClient.NlpService.ClientHandler[101]
      Received HTTP response headers after 1204.2158ms - 200
info: System.Net.Http.HttpClient.NlpService.LogicalHandler[101]
      End processing HTTP request after 1204.3021ms - 200
info: Microsoft.Hosting.Lifetime[0]
      Application is shutting down...
